<?xml version="1.0" encoding="UTF-8"?>
<!-- Generated by org.testng.reporters.JUnitReportReporter -->
<testsuite skipped="0" hostname="DESKTOP-I93AM77" name="SprintImplementation.smoketest" tests="1" failures="0" timestamp="27 Apr 2019 05:09:16 GMT" time="36.507" errors="0">
  <testcase name="smoketest1_1" time="36.507" classname="SprintImplementation.smoketest"/>
</testsuite> <!-- SprintImplementation.smoketest -->
